<?xml version="1.0" encoding="UTF-8"?>
<!-- Generated by org.testng.reporters.JUnitXMLReporter -->
<testsuite hostname="DESKTOP-8313LRD" ignored="0" name="Test" tests="1" failures="1" timestamp="06 jun. 2020 10:19:27 GMT" time="0.761" errors="0">
  <testcase name="MyTest" time="0.735" classname="KeywordFramewrok.SampleTest">
    <failure type="java.lang.NullPointerException">
      <![CDATA[java.lang.NullPointerException
at KeywordFramewrok.SampleTest.MyTest(SampleTest.java:48)
... Removed 25 stack frames]]>
    </failure>
  </testcase> <!-- MyTest -->
</testsuite> <!-- Test -->
