<?xml version="1.0" encoding="UTF-8"?>
<testng-results skipped="0" failed="0" ignored="0" total="1" passed="1">
  <reporter-output>
    <line>
      <![CDATA[Amazon Search Test is Successfull...]]>
    </line>
  </reporter-output>
  <suite name="Default suite" duration-ms="47544" started-at="2020-05-06T08:25:44 IST" finished-at="2020-05-06T08:26:31 IST">
    <groups>
    </groups>
    <test name="Default test" duration-ms="47544" started-at="2020-05-06T08:25:44 IST" finished-at="2020-05-06T08:26:31 IST">
      <class name="pomTests.POMAmazonSearchTest">
        <test-method status="PASS" signature="Search()[pri:0, instance:pomTests.POMAmazonSearchTest@50b494a6]" name="Search" duration-ms="47377" started-at="2020-05-06T08:25:44 IST" finished-at="2020-05-06T08:26:31 IST">
          <reporter-output>
            <line>
              <![CDATA[Amazon Search Test is Successfull...]]>
            </line>
          </reporter-output>
        </test-method> <!-- Search -->
      </class> <!-- pomTests.POMAmazonSearchTest -->
    </test> <!-- Default test -->
  </suite> <!-- Default suite -->
</testng-results>
