<?xml version="1.0" encoding="UTF-8"?>
<testng-results skipped="0" failed="0" ignored="0" total="2" passed="2">
  <reporter-output>
  </reporter-output>
  <suite name="Default suite" duration-ms="25" started-at="2020-04-30T10:06:55Z" finished-at="2020-04-30T10:06:55Z">
    <groups>
    </groups>
    <test name="Default test" duration-ms="25" started-at="2020-04-30T10:06:55Z" finished-at="2020-04-30T10:06:55Z">
      <class name="testNGPrograms.TransTests">
        <test-method status="PASS" signature="BM()[pri:0, instance:testNGPrograms.TransTests@57e1b0c]" name="BM" is-config="true" duration-ms="3" started-at="2020-04-30T10:06:55Z" finished-at="2020-04-30T10:06:55Z">
          <reporter-output>
          </reporter-output>
        </test-method> <!-- BM -->
        <test-method status="PASS" signature="Deposit()[pri:0, instance:testNGPrograms.TransTests@57e1b0c]" name="Deposit" duration-ms="3" started-at="2020-04-30T10:06:55Z" finished-at="2020-04-30T10:06:55Z">
          <reporter-output>
          </reporter-output>
        </test-method> <!-- Deposit -->
        <test-method status="PASS" signature="AM()[pri:0, instance:testNGPrograms.TransTests@57e1b0c]" name="AM" is-config="true" duration-ms="0" started-at="2020-04-30T10:06:55Z" finished-at="2020-04-30T10:06:55Z">
          <reporter-output>
          </reporter-output>
        </test-method> <!-- AM -->
        <test-method status="PASS" signature="BM()[pri:0, instance:testNGPrograms.TransTests@57e1b0c]" name="BM" is-config="true" duration-ms="0" started-at="2020-04-30T10:06:55Z" finished-at="2020-04-30T10:06:55Z">
          <reporter-output>
          </reporter-output>
        </test-method> <!-- BM -->
        <test-method status="PASS" signature="Withdraw()[pri:0, instance:testNGPrograms.TransTests@57e1b0c]" name="Withdraw" duration-ms="1" started-at="2020-04-30T10:06:55Z" finished-at="2020-04-30T10:06:55Z">
          <reporter-output>
          </reporter-output>
        </test-method> <!-- Withdraw -->
        <test-method status="PASS" signature="AM()[pri:0, instance:testNGPrograms.TransTests@57e1b0c]" name="AM" is-config="true" duration-ms="0" started-at="2020-04-30T10:06:55Z" finished-at="2020-04-30T10:06:55Z">
          <reporter-output>
          </reporter-output>
        </test-method> <!-- AM -->
      </class> <!-- testNGPrograms.TransTests -->
    </test> <!-- Default test -->
  </suite> <!-- Default suite -->
</testng-results>
