<?xml version="1.0" encoding="UTF-8"?>
<testng-results skipped="0" failed="0" ignored="0" total="3" passed="3">
  <reporter-output>
  </reporter-output>
  <suite name="Default suite" duration-ms="27" started-at="2020-05-27T03:42:03Z" finished-at="2020-05-27T03:42:03Z">
    <groups>
    </groups>
    <test name="Default test" duration-ms="27" started-at="2020-05-27T03:42:03Z" finished-at="2020-05-27T03:42:03Z">
      <class name="programsTestNG.PriorityTest$Sample">
        <test-method status="PASS" signature="testaa()[pri:1, instance:programsTestNG.PriorityTest$Sample@5034c75a]" name="testaa" duration-ms="7" started-at="2020-05-27T03:42:03Z" finished-at="2020-05-27T03:42:03Z">
          <reporter-output>
          </reporter-output>
        </test-method> <!-- testaa -->
        <test-method status="PASS" signature="testbb()[pri:2, instance:programsTestNG.PriorityTest$Sample@5034c75a]" name="testbb" duration-ms="1" started-at="2020-05-27T03:42:03Z" finished-at="2020-05-27T03:42:03Z">
          <reporter-output>
          </reporter-output>
        </test-method> <!-- testbb -->
        <test-method status="PASS" signature="testcc()[pri:3, instance:programsTestNG.PriorityTest$Sample@5034c75a]" name="testcc" duration-ms="1" started-at="2020-05-27T03:42:03Z" finished-at="2020-05-27T03:42:03Z">
          <reporter-output>
          </reporter-output>
        </test-method> <!-- testcc -->
      </class> <!-- programsTestNG.PriorityTest$Sample -->
    </test> <!-- Default test -->
  </suite> <!-- Default suite -->
</testng-results>
